Start testing: Apr 12 15:23 UTC
----------------------------------------------------------
1/3 Testing: bubblesort
1/3 Test: bubblesort
Command: "/home/pcsdocker/Data/Programmazione-e-calcolo-scientifico/esercitazione4/build_es4/test_bubblesort"
Directory: /home/pcsdocker/Data/Programmazione-e-calcolo-scientifico/esercitazione4/build_es4
"bubblesort" start time: Apr 12 15:23 UTC
Output:
----------------------------------------------------------
[ Altamura Auckland Boston Caserta Collegno Francavilla San Severo Santena Torino Wellington ]
BubbleSort test passed successfully!
<end of output>
Test time =   4.94 sec
----------------------------------------------------------
Test Passed.
"bubblesort" end time: Apr 12 15:23 UTC
"bubblesort" time elapsed: 00:00:04
----------------------------------------------------------

2/3 Testing: insertionsort
2/3 Test: insertionsort
Command: "/home/pcsdocker/Data/Programmazione-e-calcolo-scientifico/esercitazione4/build_es4/test_insertionsort"
Directory: /home/pcsdocker/Data/Programmazione-e-calcolo-scientifico/esercitazione4/build_es4
"insertionsort" start time: Apr 12 15:23 UTC
Output:
----------------------------------------------------------
[ Altamura Auckland Boston Caserta Collegno Francavilla Queenstown San Severo Torino Wellington ]
InsertionSort test passed successfully!
<end of output>
Test time =   1.48 sec
----------------------------------------------------------
Test Passed.
"insertionsort" end time: Apr 12 15:23 UTC
"insertionsort" time elapsed: 00:00:01
----------------------------------------------------------

3/3 Testing: selectionsort
3/3 Test: selectionsort
Command: "/home/pcsdocker/Data/Programmazione-e-calcolo-scientifico/esercitazione4/build_es4/test_selectionsort"
Directory: /home/pcsdocker/Data/Programmazione-e-calcolo-scientifico/esercitazione4/build_es4
"selectionsort" start time: Apr 12 15:23 UTC
Output:
----------------------------------------------------------
[ Altamura Auckland Boston Caserta Collegno Francavilla Queenstown San Severo Torino Wellington ]
SelectionSort test passed successfully!
<end of output>
Test time =   1.64 sec
----------------------------------------------------------
Test Passed.
"selectionsort" end time: Apr 12 15:23 UTC
"selectionsort" time elapsed: 00:00:01
----------------------------------------------------------

End testing: Apr 12 15:23 UTC
